Using pre-set license
Built from '2020.3/staging' branch; Version is '2020.3.0f1 (c7b5465681fb) revision 13088070'; Using compiler version '192528614'; Build Type 'Release'
OS: 'Windows 10 Enterprise; OS build 18363.1440; Version 1909; 64bit' Language: 'ru' Physical Memory: 16335 MB
BatchMode: 1, IsHumanControllingUs: 0, StartBugReporterOnCrash: 0, Is64bit: 1, IsPro: 0

 COMMAND LINE ARGUMENTS:
C:\Program Files\Unity\Hub\Editor\2020.3.0f1\Editor\Unity.exe
-adb2
-batchMode
-noUpm
-name
AssetImportWorker0
-projectPath
E:/Unity Projects/Testovoe zadanie
-logFile
Logs/AssetImportWorker0.log
-srvPort
57430
Successfully changed project path to: E:/Unity Projects/Testovoe zadanie
E:/Unity Projects/Testovoe zadanie
Using Asset Import Pipeline V2.
Refreshing native plugins compatible for Editor in 32.49 ms, found 0 plugins.
Preloading 0 native plugins for Editor in 0.00 ms.
Initialize engine version: 2020.3.0f1 (c7b5465681fb)
[Subsystems] Discovering subsystems at path C:/Program Files/Unity/Hub/Editor/2020.3.0f1/Editor/Data/Resources/UnitySubsystems
[Subsystems] Discovering subsystems at path E:/Unity Projects/Testovoe zadanie/Assets
GfxDevice: creating device client; threaded=0
Direct3D:
    Version:  Direct3D 11.0 [level 11.1]
    Renderer: NVIDIA GeForce GTX 1050 Ti (ID=0x1c82)
    Vendor:   
    VRAM:     4018 MB
    Driver:   27.21.14.5671
Initialize mono
Mono path[0] = 'C:/Program Files/Unity/Hub/Editor/2020.3.0f1/Editor/Data/Managed'
Mono path[1] = 'C:/Program Files/Unity/Hub/Editor/2020.3.0f1/Editor/Data/MonoBleedingEdge/lib/mono/unityjit'
Mono config path = 'C:/Program Files/Unity/Hub/Editor/2020.3.0f1/Editor/Data/MonoBleedingEdge/etc'
Using monoOptions --debugger-agent=transport=dt_socket,embedding=1,server=y,suspend=n,address=127.0.0.1:56280
Begin MonoManager ReloadAssembly
Registering precompiled unity dll's ...
Register platform support module: C:/Program Files/Unity/Hub/Editor/2020.3.0f1/Editor/Data/PlaybackEngines/WindowsStandaloneSupport/UnityEditor.WindowsStandalone.Extensions.dll
Registered in 0.002529 seconds.
Native extension for WindowsStandalone target not found
Refreshing native plugins compatible for Editor in 30.68 ms, found 0 plugins.
Preloading 0 native plugins for Editor in 0.00 ms.
Unable to find bridge dll in registry for Microsoft Visual Studio Tools for Unity for C:\Program Files (x86)\Microsoft Visual Studio\2019\Community\Common7\IDE\devenv.exe
Invoked RoslynAnalysisRunner static constructor.
RoslynAnalysisRunner will not be running.
RoslynAnalysisRunner has terminated.
Mono: successfully reloaded assembly
- Completed reload, in  1.260 seconds
Platform modules already initialized, skipping
Registering precompiled user dll's ...
Registered in 0.000597 seconds.
Begin MonoManager ReloadAssembly
Native extension for WindowsStandalone target not found
Refreshing native plugins compatible for Editor in 0.31 ms, found 0 plugins.
Preloading 0 native plugins for Editor in 0.00 ms.
Invoked RoslynAnalysisRunner static constructor.
RoslynAnalysisRunner will not be running.
RoslynAnalysisRunner has terminated.
Mono: successfully reloaded assembly
- Completed reload, in  1.035 seconds
Platform modules already initialized, skipping
========================================================================
Worker process is ready to serve import requests
Launched and connected shader compiler UnityShaderCompiler.exe after 0.04 seconds
Refreshing native plugins compatible for Editor in 0.45 ms, found 0 plugins.
Preloading 0 native plugins for Editor in 0.00 ms.
Unloading 1543 Unused Serialized files (Serialized files now loaded: 0)
System memory in use before: 71.1 MB.
System memory in use after: 71.1 MB.

Unloading 9 unused Assets to reduce memory usage. Loaded Objects now: 1988.
Total: 2.284500 ms (FindLiveObjects: 0.295200 ms CreateObjectMapping: 0.066700 ms MarkObjects: 1.842300 ms  DeleteObjects: 0.078700 ms)

========================================================================
Received Import Request.
  path: Assets/Scripts/Database.cs
  artifactKey: Guid(1237c8abf0cc5064bb4a7e0dca27cf8e) Importer(815301076,1909f56bfc062723c751e8b465ee728b)
Start importing Assets/Scripts/Database.cs using Guid(1237c8abf0cc5064bb4a7e0dca27cf8e) Importer(815301076,1909f56bfc062723c751e8b465ee728b)  -> (artifact id: 'aef26c0c6b44856bb692c017795d8bdd') in 0.029110 seconds
  Import took 0.031699 seconds .

========================================================================
Received Import Request.
  Time since last request: 0.000203 seconds.
  path: Assets/Scripts/GameController.cs
  artifactKey: Guid(d809018d9b1fcc948b492d3334778c7a) Importer(815301076,1909f56bfc062723c751e8b465ee728b)
Start importing Assets/Scripts/GameController.cs using Guid(d809018d9b1fcc948b492d3334778c7a) Importer(815301076,1909f56bfc062723c751e8b465ee728b)  -> (artifact id: '049155bb267f8691c47436fdf54a111c') in 0.006660 seconds
  Import took 0.009169 seconds .

========================================================================
Received Import Request.
  Time since last request: 0.037059 seconds.
  path: Assets/Scripts/GameController.cs
  artifactKey: Guid(d809018d9b1fcc948b492d3334778c7a) Importer(815301076,1909f56bfc062723c751e8b465ee728b)
Start importing Assets/Scripts/GameController.cs using Guid(d809018d9b1fcc948b492d3334778c7a) Importer(815301076,1909f56bfc062723c751e8b465ee728b)  -> (artifact id: '049155bb267f8691c47436fdf54a111c') in 0.002409 seconds
  Import took 0.005128 seconds .

========================================================================
Received Import Request.
  Time since last request: 1.506819 seconds.
  path: Assets/Scripts/JsonHelper.cs
  artifactKey: Guid(a243edd1f07139745beff2c678d49e8b) Importer(815301076,1909f56bfc062723c751e8b465ee728b)
Start importing Assets/Scripts/JsonHelper.cs using Guid(a243edd1f07139745beff2c678d49e8b) Importer(815301076,1909f56bfc062723c751e8b465ee728b)  -> (artifact id: '284509a53fcafa67268d688cfbae704d') in 0.006510 seconds
  Import took 0.008932 seconds .

========================================================================
Received Import Request.
  Time since last request: 1.519077 seconds.
  path: Assets/Scripts/Connector.cs
  artifactKey: Guid(f01f0d8ef92d0c343aa834ab2cba6398) Importer(815301076,1909f56bfc062723c751e8b465ee728b)
Start importing Assets/Scripts/Connector.cs using Guid(f01f0d8ef92d0c343aa834ab2cba6398) Importer(815301076,1909f56bfc062723c751e8b465ee728b)  -> (artifact id: '23af7bb5c8ef4ffbfdc767a75e5ede2c') in 0.006465 seconds
  Import took 0.009019 seconds .

========================================================================
Received Import Request.
  Time since last request: 0.000718 seconds.
  path: Assets/Scripts/Connector.cs
  artifactKey: Guid(f01f0d8ef92d0c343aa834ab2cba6398) Importer(815301076,1909f56bfc062723c751e8b465ee728b)
Start importing Assets/Scripts/Connector.cs using Guid(f01f0d8ef92d0c343aa834ab2cba6398) Importer(815301076,1909f56bfc062723c751e8b465ee728b)  -> (artifact id: '23af7bb5c8ef4ffbfdc767a75e5ede2c') in 0.002388 seconds
  Import took 0.004746 seconds .

========================================================================
Received Prepare
Registering precompiled user dll's ...
Registered in 0.000679 seconds.
Begin MonoManager ReloadAssembly
Native extension for WindowsStandalone target not found
Refreshing native plugins compatible for Editor in 0.30 ms, found 0 plugins.
Preloading 0 native plugins for Editor in 0.00 ms.
Invoked RoslynAnalysisRunner static constructor.
RoslynAnalysisRunner will not be running.
RoslynAnalysisRunner has terminated.
Mono: successfully reloaded assembly
- Completed reload, in  0.948 seconds
Platform modules already initialized, skipping
Refreshing native plugins compatible for Editor in 0.28 ms, found 0 plugins.
Preloading 0 native plugins for Editor in 0.00 ms.
Unloading 1512 Unused Serialized files (Serialized files now loaded: 0)
System memory in use before: 69.7 MB.
System memory in use after: 69.8 MB.

Unloading 4 unused Assets to reduce memory usage. Loaded Objects now: 1991.
Total: 1.840300 ms (FindLiveObjects: 0.168500 ms CreateObjectMapping: 0.035900 ms MarkObjects: 1.612000 ms  DeleteObjects: 0.022700 ms)

========================================================================
Received Import Request.
  Time since last request: 51.203772 seconds.
  path: Assets/Scripts/Connector.cs
  artifactKey: Guid(f01f0d8ef92d0c343aa834ab2cba6398) Importer(815301076,1909f56bfc062723c751e8b465ee728b)
Start importing Assets/Scripts/Connector.cs using Guid(f01f0d8ef92d0c343aa834ab2cba6398) Importer(815301076,1909f56bfc062723c751e8b465ee728b)  -> (artifact id: 'ef6f53746b0118c68ba4245778e38597') in 0.005058 seconds
  Import took 0.007384 seconds .

========================================================================
Received Prepare
Registering precompiled user dll's ...
Registered in 0.000669 seconds.
Begin MonoManager ReloadAssembly
Native extension for WindowsStandalone target not found
Refreshing native plugins compatible for Editor in 0.30 ms, found 0 plugins.
Preloading 0 native plugins for Editor in 0.00 ms.
Invoked RoslynAnalysisRunner static constructor.
RoslynAnalysisRunner will not be running.
RoslynAnalysisRunner has terminated.
Mono: successfully reloaded assembly
- Completed reload, in  0.927 seconds
Platform modules already initialized, skipping
Refreshing native plugins compatible for Editor in 0.28 ms, found 0 plugins.
Preloading 0 native plugins for Editor in 0.00 ms.
Unloading 1512 Unused Serialized files (Serialized files now loaded: 0)
System memory in use before: 69.7 MB.
System memory in use after: 69.8 MB.

Unloading 4 unused Assets to reduce memory usage. Loaded Objects now: 1994.
Total: 1.821700 ms (FindLiveObjects: 0.179000 ms CreateObjectMapping: 0.036600 ms MarkObjects: 1.587100 ms  DeleteObjects: 0.017700 ms)

========================================================================
Received Prepare
Registering precompiled user dll's ...
Registered in 0.000643 seconds.
Begin MonoManager ReloadAssembly
Native extension for WindowsStandalone target not found
Refreshing native plugins compatible for Editor in 0.30 ms, found 0 plugins.
Preloading 0 native plugins for Editor in 0.00 ms.
Invoked RoslynAnalysisRunner static constructor.
RoslynAnalysisRunner will not be running.
RoslynAnalysisRunner has terminated.
Mono: successfully reloaded assembly
- Completed reload, in  1.013 seconds
Platform modules already initialized, skipping
Refreshing native plugins compatible for Editor in 0.28 ms, found 0 plugins.
Preloading 0 native plugins for Editor in 0.00 ms.
Unloading 1512 Unused Serialized files (Serialized files now loaded: 0)
System memory in use before: 69.7 MB.
System memory in use after: 69.9 MB.

Unloading 4 unused Assets to reduce memory usage. Loaded Objects now: 1997.
Total: 1.825600 ms (FindLiveObjects: 0.167900 ms CreateObjectMapping: 0.036100 ms MarkObjects: 1.604600 ms  DeleteObjects: 0.016000 ms)

AssetImportWorkerClient::OnTransportError - code=2 error=End of file
